--- Logging started at 2026-07-23 17:53:18 ---
[2026-07-23 17:54:34] autoupdate.fetch_smca
ERROR: Message: timeout: Timed out receiving message from renderer: 57.893
  (Session info: chrome=150.0.7871.128)
Stacktrace:
#0 0x556983bac44a <unknown>
#1 0x5569835848c9 <unknown>
#2 0x55698356c35a <unknown>
#3 0x55698356bfd6 <unknown>
#4 0x556983569bbe <unknown>
#5 0x55698356a53f <unknown>
#6 0x556983579710 <unknown>
#7 0x556983593617 <unknown>
#8 0x55698359ae8b <unknown>
#9 0x55698356ac99 <unknown>
#10 0x556983593372 <unknown>
#11 0x5569836228b0 <unknown>
#12 0x5569835cd3ff <unknown>
#13 0x5569835ce261 <unknown>
#14 0x556983b71cc7 <unknown>
#15 0x556983b704a8 <unknown>
#16 0x556983b5b196 <unknown>
#17 0x556983b7106a <unknown>
#18 0x556983b43020 <unknown>
#19 0x556983b97b98 <unknown>
#20 0x556983b97d35 <unknown>
#21 0x556983baaffe <unknown>
#22 0x7f11f689caa4 <unknown>
#23 0x7f11f6929c6c <unknown>

OUTPUT: page_snapshot: <html lang="zh-CN"><head>
  <meta charset="UTF-8">
  <meta name="viewport" content="width=device-width, initial-scale=1.0">
  <meta http-equiv="X-UA-Compatible" content="IE=edge">
  <link rel="stylesheet" href="https://cdnjs.cloudflare.com/ajax/libs/font-awesome/6.5.1/css/all.min.css">
      
  <link rel="stylesheet" href="https://unpkg.com/leaflet@1.9.4/dist/leaflet.css">
  <!-- <script src="https://unpkg.com/leaflet@1.9.4/dist/leaflet.js"></script> -->
  <!-- <script src="https://cdn.jsdelivr.net/npm/opencc-js@1.0.5/dist/umd/full.js"></script> -->
  <script src="/library/leaflet.js"></script>
  <script src="/library/full.js"></script>

  
  <!-- SEO Meta Tags -->
  <title>菜园子的天气栈</title>
  <meta name="description" content="数值预报平台，为您的生活和工作提供准确的气象信息支持。">
  <meta name="keywords" content="天气预报,气象数据,预警信息,气候分析,数值预报">
  <meta name="author" content="天气栈">
  
  <!-- Open Graph / Facebook -->
  <meta property="og:type" content="website">
  <meta property="og:url" content="https://weather-stati
TRACEBACK:
Traceback (most recent call last):
  File "/home/runner/work/06E-Felicia.github.io/06E-Felicia.github.io/auto_update/utils/util_updater.py", line 160, in fetch_live_data
    driver.get(DATA_SOURCE_URL)
  File "/opt/hostedtoolcache/Python/3.10.20/x64/lib/python3.10/site-packages/selenium/webdriver/remote/webdriver.py", line 512, in get
    self.execute(Command.GET, {"url": url})
  File "/opt/hostedtoolcache/Python/3.10.20/x64/lib/python3.10/site-packages/selenium/webdriver/remote/webdriver.py", line 492, in execute
    self.error_handler.check_response(response)
  File "/opt/hostedtoolcache/Python/3.10.20/x64/lib/python3.10/site-packages/selenium/webdriver/remote/errorhandler.py", line 232, in check_response
    raise exception_class(message, screen, stacktrace)
selenium.common.exceptions.TimeoutException: Message: timeout: Timed out receiving message from renderer: 57.893
  (Session info: chrome=150.0.7871.128)
Stacktrace:
#0 0x556983bac44a <unknown>
#1 0x5569835848c9 <unknown>
#2 0x55698356c35a <unknown>
#3 0x55698356bfd6 <unknown>
#4 0x556983569bbe <unknown>
#5 0x55698356a53f <unknown>
#6 0x556983579710 <unknown>
#7 0x556983593617 <unknown>
#8 0x55698359ae8b <unknown>
#9 0x55698356ac99 <unknown>
#10 0x556983593372 <unknown>
#11 0x5569836228b0 <unknown>
#12 0x5569835cd3ff <unknown>
#13 0x5569835ce261 <unknown>
#14 0x556983b71cc7 <unknown>
#15 0x556983b704a8 <unknown>
#16 0x556983b5b196 <unknown>
#17 0x556983b7106a <unknown>
#18 0x556983b43020 <unknown>
#19 0x556983b97b98 <unknown>
#20 0x556983b97d35 <unknown>
#21 0x556983baaffe <unknown>
#22 0x7f11f689caa4 <unknown>
#23 0x7f11f6929c6c <unknown>
[2026-07-23 17:54:35] autoupdate.main
ERROR: Live data fetch failed, using fallback data.
